<?xml version="1.0" encoding="UTF-8"?>
<testsuite xmlns:xsi="http://www.w3.org/2001/XMLSchema-instance" xsi:noNamespaceSchemaLocation="https://maven.apache.org/surefire/maven-surefire-plugin/xsd/surefire-test-report.xsd" name="tn.esprit.spring.SkierServicesImplTest" time="0.305" tests="8" errors="0" skipped="0" failures="0">
  <properties>
[...]
</properties>
  <testcase name="addSkier" classname="tn.esprit.spring.SkierServicesImplTest" time="0.269"/>
  <testcase name="retrieveSkiersBySubscriptionType" classname="tn.esprit.spring.SkierServicesImplTest" time="0.003"/>
  <testcase name="removeSkier" classname="tn.esprit.spring.SkierServicesImplTest" time="0.005"/>
  <testcase name="assignSkierToSubscription" classname="tn.esprit.spring.SkierServicesImplTest" time="0.007"/>
  <testcase name="assignSkierToPiste" classname="tn.esprit.spring.SkierServicesImplTest" time="0.005"/>
  <testcase name="addSkierAndAssignToCourse" classname="tn.esprit.spring.SkierServicesImplTest" time="0.005"/>
  <testcase name="retrieveSkier" classname="tn.esprit.spring.SkierServicesImplTest" time="0.004"/>
  <testcase name="retrieveAllSkiers" classname="tn.esprit.spring.SkierServicesImplTest" time="0.003"/>
</testsuite>